{"level":"INFO","ts":"2025-11-11T14:00:17.469+0300","msg":"starting room-service","env":"dev","version":"v0.1.0","instance_id":"MacBook-Air-Soslan-2.local-fccd5f80","started_at":"2025-11-11T14:00:17.469+0300","service":"room-service"}
{"level":"INFO","ts":"2025-11-11T14:00:17.483+0300","msg":"http listen","env":"dev","version":"v0.1.0","instance_id":"MacBook-Air-Soslan-2.local-fccd5f80","started_at":"2025-11-11T14:00:17.469+0300","addr":":8082","service":"room-service"}
{"level":"INFO","ts":"2025-11-11T14:00:17.483+0300","msg":"grpc listen","version":"v0.1.0","instance_id":"MacBook-Air-Soslan-2.local-fccd5f80","started_at":"2025-11-11T14:00:17.469+0300","addr":":9092","service":"room-service","env":"dev"}
{"level":"INFO","ts":"2025-11-11T14:01:14.768+0300","msg":"grpc unary","err":"","service":"room-service","env":"dev","version":"v0.1.0","instance_id":"MacBook-Air-Soslan-2.local-fccd5f80","started_at":"2025-11-11T14:00:17.469+0300","method":"/room.v1.RoomService/ListRooms","dur_ms":16}
{"level":"INFO","ts":"2025-11-11T14:01:14.772+0300","msg":"grpc unary","dur_ms":0,"err":"","service":"room-service","env":"dev","version":"v0.1.0","instance_id":"MacBook-Air-Soslan-2.local-fccd5f80","started_at":"2025-11-11T14:00:17.469+0300","method":"/room.v1.RoomService/ListRooms"}
{"level":"INFO","ts":"2025-11-11T14:01:17.095+0300","msg":"grpc unary","env":"dev","version":"v0.1.0","instance_id":"MacBook-Air-Soslan-2.local-fccd5f80","started_at":"2025-11-11T14:00:17.469+0300","method":"/room.v1.RoomService/GetRoom","dur_ms":25,"err":"","service":"room-service"}
{"level":"INFO","ts":"2025-11-11T14:01:17.095+0300","msg":"grpc unary","env":"dev","version":"v0.1.0","instance_id":"MacBook-Air-Soslan-2.local-fccd5f80","started_at":"2025-11-11T14:00:17.469+0300","method":"/room.v1.RoomService/ListParticipants","dur_ms":25,"err":"","service":"room-service"}
{"level":"INFO","ts":"2025-11-11T14:01:17.098+0300","msg":"grpc unary","version":"v0.1.0","instance_id":"MacBook-Air-Soslan-2.local-fccd5f80","started_at":"2025-11-11T14:00:17.469+0300","method":"/room.v1.RoomService/LeaveRoom","dur_ms":28,"err":"","service":"room-service","env":"dev"}
{"level":"INFO","ts":"2025-11-11T14:01:17.098+0300","msg":"grpc unary","method":"/room.v1.RoomService/GetRoom","dur_ms":1,"err":"","service":"room-service","env":"dev","version":"v0.1.0","instance_id":"MacBook-Air-Soslan-2.local-fccd5f80","started_at":"2025-11-11T14:00:17.469+0300"}
{"level":"INFO","ts":"2025-11-11T14:01:17.099+0300","msg":"grpc unary","dur_ms":2,"err":"","service":"room-service","env":"dev","version":"v0.1.0","instance_id":"MacBook-Air-Soslan-2.local-fccd5f80","started_at":"2025-11-11T14:00:17.469+0300","method":"/room.v1.RoomService/ListParticipants"}
{"level":"INFO","ts":"2025-11-11T14:01:17.102+0300","msg":"grpc unary","dur_ms":34,"err":"","service":"room-service","env":"dev","version":"v0.1.0","instance_id":"MacBook-Air-Soslan-2.local-fccd5f80","started_at":"2025-11-11T14:00:17.469+0300","method":"/room.v1.RoomService/JoinRoom"}
{"level":"INFO","ts":"2025-11-11T14:01:17.104+0300","msg":"grpc unary","instance_id":"MacBook-Air-Soslan-2.local-fccd5f80","started_at":"2025-11-11T14:00:17.469+0300","method":"/room.v1.RoomService/JoinRoom","dur_ms":35,"err":"","service":"room-service","env":"dev","version":"v0.1.0"}
{"level":"INFO","ts":"2025-11-11T14:01:17.116+0300","msg":"grpc unary","err":"","service":"room-service","env":"dev","version":"v0.1.0","instance_id":"MacBook-Air-Soslan-2.local-fccd5f80","started_at":"2025-11-11T14:00:17.469+0300","method":"/room.v1.RoomService/ListParticipants","dur_ms":1}
{"level":"INFO","ts":"2025-11-11T14:01:17.119+0300","msg":"grpc unary","instance_id":"MacBook-Air-Soslan-2.local-fccd5f80","started_at":"2025-11-11T14:00:17.469+0300","method":"/room.v1.RoomService/ListParticipants","dur_ms":1,"err":"","service":"room-service","env":"dev","version":"v0.1.0"}
{"level":"INFO","ts":"2025-11-11T14:01:17.121+0300","msg":"grpc unary","err":"","service":"room-service","env":"dev","version":"v0.1.0","instance_id":"MacBook-Air-Soslan-2.local-fccd5f80","started_at":"2025-11-11T14:00:17.469+0300","method":"/room.v1.RoomService/ListParticipants","dur_ms":0}
{"level":"INFO","ts":"2025-11-11T14:01:17.124+0300","msg":"grpc unary","service":"room-service","env":"dev","version":"v0.1.0","instance_id":"MacBook-Air-Soslan-2.local-fccd5f80","started_at":"2025-11-11T14:00:17.469+0300","method":"/room.v1.RoomService/ListParticipants","dur_ms":0,"err":""}
{"level":"INFO","ts":"2025-11-11T14:01:17.126+0300","msg":"grpc unary","instance_id":"MacBook-Air-Soslan-2.local-fccd5f80","started_at":"2025-11-11T14:00:17.469+0300","method":"/room.v1.RoomService/ListParticipants","dur_ms":1,"err":"","service":"room-service","env":"dev","version":"v0.1.0"}
{"level":"INFO","ts":"2025-11-11T14:01:17.127+0300","msg":"grpc unary","service":"room-service","env":"dev","version":"v0.1.0","instance_id":"MacBook-Air-Soslan-2.local-fccd5f80","started_at":"2025-11-11T14:00:17.469+0300","method":"/room.v1.RoomService/GetChatHistory","dur_ms":10,"err":""}
{"level":"INFO","ts":"2025-11-11T14:01:17.133+0300","msg":"grpc unary","method":"/room.v1.RoomService/ListParticipants","dur_ms":4,"err":"","service":"room-service","env":"dev","version":"v0.1.0","instance_id":"MacBook-Air-Soslan-2.local-fccd5f80","started_at":"2025-11-11T14:00:17.469+0300"}
{"level":"INFO","ts":"2025-11-11T14:01:17.138+0300","msg":"grpc unary","env":"dev","version":"v0.1.0","instance_id":"MacBook-Air-Soslan-2.local-fccd5f80","started_at":"2025-11-11T14:00:17.469+0300","method":"/room.v1.RoomService/GetChatHistory","dur_ms":8,"err":"","service":"room-service"}
{"level":"INFO","ts":"2025-11-11T14:05:04.382+0300","msg":"grpc unary","env":"dev","version":"v0.1.0","instance_id":"MacBook-Air-Soslan-2.local-fccd5f80","started_at":"2025-11-11T14:00:17.469+0300","method":"/room.v1.RoomService/ListRooms","dur_ms":8,"err":"","service":"room-service"}
{"level":"INFO","ts":"2025-11-11T14:05:04.390+0300","msg":"grpc unary","env":"dev","version":"v0.1.0","instance_id":"MacBook-Air-Soslan-2.local-fccd5f80","started_at":"2025-11-11T14:00:17.469+0300","method":"/room.v1.RoomService/ListRooms","dur_ms":0,"err":"","service":"room-service"}
{"level":"INFO","ts":"2025-11-11T14:05:12.275+0300","msg":"grpc unary","version":"v0.1.0","instance_id":"MacBook-Air-Soslan-2.local-fccd5f80","started_at":"2025-11-11T14:00:17.469+0300","method":"/room.v1.RoomService/CreateRoom","dur_ms":9,"err":"","service":"room-service","env":"dev"}
{"level":"INFO","ts":"2025-11-11T14:05:12.309+0300","msg":"grpc unary","started_at":"2025-11-11T14:00:17.469+0300","method":"/room.v1.RoomService/ListParticipants","dur_ms":12,"err":"","service":"room-service","env":"dev","version":"v0.1.0","instance_id":"MacBook-Air-Soslan-2.local-fccd5f80"}
{"level":"INFO","ts":"2025-11-11T14:05:12.309+0300","msg":"grpc unary","started_at":"2025-11-11T14:00:17.469+0300","method":"/room.v1.RoomService/GetRoom","dur_ms":12,"err":"","service":"room-service","env":"dev","version":"v0.1.0","instance_id":"MacBook-Air-Soslan-2.local-fccd5f80"}
{"level":"INFO","ts":"2025-11-11T14:05:12.309+0300","msg":"grpc unary","env":"dev","version":"v0.1.0","instance_id":"MacBook-Air-Soslan-2.local-fccd5f80","started_at":"2025-11-11T14:00:17.469+0300","method":"/room.v1.RoomService/LeaveRoom","dur_ms":13,"err":"","service":"room-service"}
{"level":"INFO","ts":"2025-11-11T14:05:12.311+0300","msg":"grpc unary","env":"dev","version":"v0.1.0","instance_id":"MacBook-Air-Soslan-2.local-fccd5f80","started_at":"2025-11-11T14:00:17.469+0300","method":"/room.v1.RoomService/GetRoom","dur_ms":0,"err":"","service":"room-service"}
{"level":"INFO","ts":"2025-11-11T14:05:12.312+0300","msg":"grpc unary","service":"room-service","env":"dev","version":"v0.1.0","instance_id":"MacBook-Air-Soslan-2.local-fccd5f80","started_at":"2025-11-11T14:00:17.469+0300","method":"/room.v1.RoomService/ListParticipants","dur_ms":0,"err":""}
{"level":"INFO","ts":"2025-11-11T14:05:12.313+0300","msg":"grpc unary","started_at":"2025-11-11T14:00:17.469+0300","method":"/room.v1.RoomService/JoinRoom","dur_ms":17,"err":"","service":"room-service","env":"dev","version":"v0.1.0","instance_id":"MacBook-Air-Soslan-2.local-fccd5f80"}
{"level":"INFO","ts":"2025-11-11T14:05:12.316+0300","msg":"grpc unary","started_at":"2025-11-11T14:00:17.469+0300","method":"/room.v1.RoomService/JoinRoom","dur_ms":20,"err":"","service":"room-service","env":"dev","version":"v0.1.0","instance_id":"MacBook-Air-Soslan-2.local-fccd5f80"}
{"level":"INFO","ts":"2025-11-11T14:05:12.320+0300","msg":"grpc unary","instance_id":"MacBook-Air-Soslan-2.local-fccd5f80","started_at":"2025-11-11T14:00:17.469+0300","method":"/room.v1.RoomService/ListParticipants","dur_ms":1,"err":"","service":"room-service","env":"dev","version":"v0.1.0"}
{"level":"INFO","ts":"2025-11-11T14:05:12.322+0300","msg":"grpc unary","instance_id":"MacBook-Air-Soslan-2.local-fccd5f80","started_at":"2025-11-11T14:00:17.469+0300","method":"/room.v1.RoomService/ListParticipants","dur_ms":0,"err":"","service":"room-service","env":"dev","version":"v0.1.0"}
{"level":"INFO","ts":"2025-11-11T14:05:12.322+0300","msg":"grpc unary","env":"dev","version":"v0.1.0","instance_id":"MacBook-Air-Soslan-2.local-fccd5f80","started_at":"2025-11-11T14:00:17.469+0300","method":"/room.v1.RoomService/GetChatHistory","dur_ms":2,"err":"","service":"room-service"}
{"level":"INFO","ts":"2025-11-11T14:05:12.323+0300","msg":"grpc unary","started_at":"2025-11-11T14:00:17.469+0300","method":"/room.v1.RoomService/GetChatHistory","dur_ms":0,"err":"","service":"room-service","env":"dev","version":"v0.1.0","instance_id":"MacBook-Air-Soslan-2.local-fccd5f80"}
{"level":"INFO","ts":"2025-11-11T14:05:12.327+0300","msg":"grpc unary","env":"dev","version":"v0.1.0","instance_id":"MacBook-Air-Soslan-2.local-fccd5f80","started_at":"2025-11-11T14:00:17.469+0300","method":"/room.v1.RoomService/ListParticipants","dur_ms":1,"err":"","service":"room-service"}
{"level":"INFO","ts":"2025-11-11T14:05:12.329+0300","msg":"grpc unary","service":"room-service","env":"dev","version":"v0.1.0","instance_id":"MacBook-Air-Soslan-2.local-fccd5f80","started_at":"2025-11-11T14:00:17.469+0300","method":"/room.v1.RoomService/ListParticipants","dur_ms":0,"err":""}
{"level":"INFO","ts":"2025-11-11T14:05:12.330+0300","msg":"grpc unary","service":"room-service","env":"dev","version":"v0.1.0","instance_id":"MacBook-Air-Soslan-2.local-fccd5f80","started_at":"2025-11-11T14:00:17.469+0300","method":"/room.v1.RoomService/ListParticipants","dur_ms":0,"err":""}
{"level":"INFO","ts":"2025-11-11T14:05:12.332+0300","msg":"grpc unary","service":"room-service","env":"dev","version":"v0.1.0","instance_id":"MacBook-Air-Soslan-2.local-fccd5f80","started_at":"2025-11-11T14:00:17.469+0300","method":"/room.v1.RoomService/ListParticipants","dur_ms":0,"err":""}
{"level":"INFO","ts":"2025-11-11T14:05:39.514+0300","msg":"grpc unary","env":"dev","version":"v0.1.0","instance_id":"MacBook-Air-Soslan-2.local-fccd5f80","started_at":"2025-11-11T14:00:17.469+0300","method":"/room.v1.RoomService/ListRooms","dur_ms":4,"err":"","service":"room-service"}
{"level":"INFO","ts":"2025-11-11T14:05:39.519+0300","msg":"grpc unary","service":"room-service","env":"dev","version":"v0.1.0","instance_id":"MacBook-Air-Soslan-2.local-fccd5f80","started_at":"2025-11-11T14:00:17.469+0300","method":"/room.v1.RoomService/ListRooms","dur_ms":1,"err":""}
{"level":"INFO","ts":"2025-11-11T14:05:41.160+0300","msg":"grpc unary","version":"v0.1.0","instance_id":"MacBook-Air-Soslan-2.local-fccd5f80","started_at":"2025-11-11T14:00:17.469+0300","method":"/room.v1.RoomService/ListParticipants","dur_ms":2,"err":"","service":"room-service","env":"dev"}
{"level":"INFO","ts":"2025-11-11T14:05:41.161+0300","msg":"grpc unary","instance_id":"MacBook-Air-Soslan-2.local-fccd5f80","started_at":"2025-11-11T14:00:17.469+0300","method":"/room.v1.RoomService/GetRoom","dur_ms":2,"err":"","service":"room-service","env":"dev","version":"v0.1.0"}
{"level":"INFO","ts":"2025-11-11T14:05:41.161+0300","msg":"grpc unary","started_at":"2025-11-11T14:00:17.469+0300","method":"/room.v1.RoomService/LeaveRoom","dur_ms":3,"err":"","service":"room-service","env":"dev","version":"v0.1.0","instance_id":"MacBook-Air-Soslan-2.local-fccd5f80"}
{"level":"INFO","ts":"2025-11-11T14:05:41.163+0300","msg":"grpc unary","dur_ms":1,"err":"","service":"room-service","env":"dev","version":"v0.1.0","instance_id":"MacBook-Air-Soslan-2.local-fccd5f80","started_at":"2025-11-11T14:00:17.469+0300","method":"/room.v1.RoomService/ListParticipants"}
{"level":"INFO","ts":"2025-11-11T14:05:41.166+0300","msg":"grpc unary","started_at":"2025-11-11T14:00:17.469+0300","method":"/room.v1.RoomService/GetRoom","dur_ms":1,"err":"","service":"room-service","env":"dev","version":"v0.1.0","instance_id":"MacBook-Air-Soslan-2.local-fccd5f80"}
{"level":"INFO","ts":"2025-11-11T14:05:41.169+0300","msg":"grpc unary","dur_ms":11,"err":"","service":"room-service","env":"dev","version":"v0.1.0","instance_id":"MacBook-Air-Soslan-2.local-fccd5f80","started_at":"2025-11-11T14:00:17.469+0300","method":"/room.v1.RoomService/JoinRoom"}
{"level":"INFO","ts":"2025-11-11T14:05:41.170+0300","msg":"grpc unary","service":"room-service","env":"dev","version":"v0.1.0","instance_id":"MacBook-Air-Soslan-2.local-fccd5f80","started_at":"2025-11-11T14:00:17.469+0300","method":"/room.v1.RoomService/JoinRoom","dur_ms":12,"err":""}
{"level":"INFO","ts":"2025-11-11T14:05:41.176+0300","msg":"grpc unary","instance_id":"MacBook-Air-Soslan-2.local-fccd5f80","started_at":"2025-11-11T14:00:17.469+0300","method":"/room.v1.RoomService/ListParticipants","dur_ms":0,"err":"","service":"room-service","env":"dev","version":"v0.1.0"}
{"level":"INFO","ts":"2025-11-11T14:05:41.177+0300","msg":"grpc unary","method":"/room.v1.RoomService/GetChatHistory","dur_ms":1,"err":"","service":"room-service","env":"dev","version":"v0.1.0","instance_id":"MacBook-Air-Soslan-2.local-fccd5f80","started_at":"2025-11-11T14:00:17.469+0300"}
{"level":"INFO","ts":"2025-11-11T14:05:41.181+0300","msg":"grpc unary","method":"/room.v1.RoomService/ListParticipants","dur_ms":1,"err":"","service":"room-service","env":"dev","version":"v0.1.0","instance_id":"MacBook-Air-Soslan-2.local-fccd5f80","started_at":"2025-11-11T14:00:17.469+0300"}
{"level":"INFO","ts":"2025-11-11T14:05:41.182+0300","msg":"grpc unary","env":"dev","version":"v0.1.0","instance_id":"MacBook-Air-Soslan-2.local-fccd5f80","started_at":"2025-11-11T14:00:17.469+0300","method":"/room.v1.RoomService/GetChatHistory","dur_ms":3,"err":"","service":"room-service"}
{"level":"INFO","ts":"2025-11-11T14:05:41.184+0300","msg":"grpc unary","instance_id":"MacBook-Air-Soslan-2.local-fccd5f80","started_at":"2025-11-11T14:00:17.469+0300","method":"/room.v1.RoomService/ListParticipants","dur_ms":1,"err":"","service":"room-service","env":"dev","version":"v0.1.0"}
{"level":"INFO","ts":"2025-11-11T14:05:41.185+0300","msg":"grpc unary","method":"/room.v1.RoomService/ListParticipants","dur_ms":0,"err":"","service":"room-service","env":"dev","version":"v0.1.0","instance_id":"MacBook-Air-Soslan-2.local-fccd5f80","started_at":"2025-11-11T14:00:17.469+0300"}
{"level":"INFO","ts":"2025-11-11T14:05:41.187+0300","msg":"grpc unary","service":"room-service","env":"dev","version":"v0.1.0","instance_id":"MacBook-Air-Soslan-2.local-fccd5f80","started_at":"2025-11-11T14:00:17.469+0300","method":"/room.v1.RoomService/ListParticipants","dur_ms":0,"err":""}
{"level":"INFO","ts":"2025-11-11T14:05:41.187+0300","msg":"grpc unary","version":"v0.1.0","instance_id":"MacBook-Air-Soslan-2.local-fccd5f80","started_at":"2025-11-11T14:00:17.469+0300","method":"/room.v1.RoomService/ListParticipants","dur_ms":0,"err":"","service":"room-service","env":"dev"}
{"level":"INFO","ts":"2025-11-11T14:05:41.190+0300","msg":"grpc unary","dur_ms":1,"err":"","service":"room-service","env":"dev","version":"v0.1.0","instance_id":"MacBook-Air-Soslan-2.local-fccd5f80","started_at":"2025-11-11T14:00:17.469+0300","method":"/room.v1.RoomService/ListParticipants"}
{"level":"INFO","ts":"2025-11-11T14:05:41.192+0300","msg":"grpc unary","version":"v0.1.0","instance_id":"MacBook-Air-Soslan-2.local-fccd5f80","started_at":"2025-11-11T14:00:17.469+0300","method":"/room.v1.RoomService/ListParticipants","dur_ms":0,"err":"","service":"room-service","env":"dev"}
{"level":"INFO","ts":"2025-11-11T14:05:52.916+0300","msg":"grpc unary","method":"/room.v1.RoomService/ListParticipants","dur_ms":1,"err":"","service":"room-service","env":"dev","version":"v0.1.0","instance_id":"MacBook-Air-Soslan-2.local-fccd5f80","started_at":"2025-11-11T14:00:17.469+0300"}
{"level":"INFO","ts":"2025-11-11T14:05:52.918+0300","msg":"grpc unary","instance_id":"MacBook-Air-Soslan-2.local-fccd5f80","started_at":"2025-11-11T14:00:17.469+0300","method":"/room.v1.RoomService/ListParticipants","dur_ms":0,"err":"","service":"room-service","env":"dev","version":"v0.1.0"}
{"level":"INFO","ts":"2025-11-11T14:07:13.518+0300","msg":"starting room-service","started_at":"2025-11-11T14:07:13.518+0300","service":"room-service","env":"dev","version":"v0.1.0","instance_id":"MacBook-Air-Soslan-2.local-8e410fb9"}
{"level":"INFO","ts":"2025-11-11T14:07:13.531+0300","msg":"http listen","service":"room-service","env":"dev","version":"v0.1.0","instance_id":"MacBook-Air-Soslan-2.local-8e410fb9","started_at":"2025-11-11T14:07:13.518+0300","addr":":8082"}
{"level":"ERROR","ts":"2025-11-11T14:07:13.531+0300","msg":"server error","err":{"error":"listen tcp :9092: bind: address already in use","kind":"*net.OpError","stack":null},"service":"room-service","env":"dev","version":"v0.1.0","instance_id":"MacBook-Air-Soslan-2.local-8e410fb9","started_at":"2025-11-11T14:07:13.518+0300"}
{"level":"INFO","ts":"2025-11-11T14:07:13.531+0300","msg":"stopped","service":"room-service","env":"dev","version":"v0.1.0","instance_id":"MacBook-Air-Soslan-2.local-8e410fb9","started_at":"2025-11-11T14:07:13.518+0300"}
{"level":"INFO","ts":"2025-11-11T14:07:29.821+0300","msg":"grpc unary","started_at":"2025-11-11T14:00:17.469+0300","method":"/room.v1.RoomService/ListRooms","dur_ms":40,"err":"","service":"room-service","env":"dev","version":"v0.1.0","instance_id":"MacBook-Air-Soslan-2.local-fccd5f80"}
{"level":"INFO","ts":"2025-11-11T14:07:29.832+0300","msg":"grpc unary","env":"dev","version":"v0.1.0","instance_id":"MacBook-Air-Soslan-2.local-fccd5f80","started_at":"2025-11-11T14:00:17.469+0300","method":"/room.v1.RoomService/ListRooms","dur_ms":1,"err":"","service":"room-service"}
{"level":"INFO","ts":"2025-11-11T14:07:31.483+0300","msg":"grpc unary","started_at":"2025-11-11T14:00:17.469+0300","method":"/room.v1.RoomService/ListRooms","dur_ms":0,"err":"","service":"room-service","env":"dev","version":"v0.1.0","instance_id":"MacBook-Air-Soslan-2.local-fccd5f80"}
{"level":"INFO","ts":"2025-11-11T14:07:31.485+0300","msg":"grpc unary","method":"/room.v1.RoomService/ListRooms","dur_ms":0,"err":"","service":"room-service","env":"dev","version":"v0.1.0","instance_id":"MacBook-Air-Soslan-2.local-fccd5f80","started_at":"2025-11-11T14:00:17.469+0300"}
{"level":"INFO","ts":"2025-11-11T14:07:32.330+0300","msg":"grpc unary","dur_ms":20,"err":"","service":"room-service","env":"dev","version":"v0.1.0","instance_id":"MacBook-Air-Soslan-2.local-fccd5f80","started_at":"2025-11-11T14:00:17.469+0300","method":"/room.v1.RoomService/GetRoom"}
{"level":"INFO","ts":"2025-11-11T14:07:32.331+0300","msg":"grpc unary","started_at":"2025-11-11T14:00:17.469+0300","method":"/room.v1.RoomService/ListParticipants","dur_ms":19,"err":"","service":"room-service","env":"dev","version":"v0.1.0","instance_id":"MacBook-Air-Soslan-2.local-fccd5f80"}
{"level":"INFO","ts":"2025-11-11T14:07:32.333+0300","msg":"grpc unary","dur_ms":22,"err":"","service":"room-service","env":"dev","version":"v0.1.0","instance_id":"MacBook-Air-Soslan-2.local-fccd5f80","started_at":"2025-11-11T14:00:17.469+0300","method":"/room.v1.RoomService/LeaveRoom"}
{"level":"INFO","ts":"2025-11-11T14:07:32.334+0300","msg":"grpc unary","version":"v0.1.0","instance_id":"MacBook-Air-Soslan-2.local-fccd5f80","started_at":"2025-11-11T14:00:17.469+0300","method":"/room.v1.RoomService/GetRoom","dur_ms":2,"err":"","service":"room-service","env":"dev"}
{"level":"INFO","ts":"2025-11-11T14:07:32.335+0300","msg":"grpc unary","dur_ms":3,"err":"","service":"room-service","env":"dev","version":"v0.1.0","instance_id":"MacBook-Air-Soslan-2.local-fccd5f80","started_at":"2025-11-11T14:00:17.469+0300","method":"/room.v1.RoomService/ListParticipants"}
{"level":"INFO","ts":"2025-11-11T14:07:32.350+0300","msg":"grpc unary","dur_ms":41,"err":"","service":"room-service","env":"dev","version":"v0.1.0","instance_id":"MacBook-Air-Soslan-2.local-fccd5f80","started_at":"2025-11-11T14:00:17.469+0300","method":"/room.v1.RoomService/JoinRoom"}
{"level":"INFO","ts":"2025-11-11T14:07:32.353+0300","msg":"grpc unary","env":"dev","version":"v0.1.0","instance_id":"MacBook-Air-Soslan-2.local-fccd5f80","started_at":"2025-11-11T14:00:17.469+0300","method":"/room.v1.RoomService/JoinRoom","dur_ms":42,"err":"","service":"room-service"}
{"level":"INFO","ts":"2025-11-11T14:07:32.362+0300","msg":"grpc unary","env":"dev","version":"v0.1.0","instance_id":"MacBook-Air-Soslan-2.local-fccd5f80","started_at":"2025-11-11T14:00:17.469+0300","method":"/room.v1.RoomService/ListParticipants","dur_ms":1,"err":"","service":"room-service"}
{"level":"INFO","ts":"2025-11-11T14:07:32.364+0300","msg":"grpc unary","version":"v0.1.0","instance_id":"MacBook-Air-Soslan-2.local-fccd5f80","started_at":"2025-11-11T14:00:17.469+0300","method":"/room.v1.RoomService/ListParticipants","dur_ms":0,"err":"","service":"room-service","env":"dev"}
{"level":"INFO","ts":"2025-11-11T14:07:32.366+0300","msg":"grpc unary","started_at":"2025-11-11T14:00:17.469+0300","method":"/room.v1.RoomService/ListParticipants","dur_ms":1,"err":"","service":"room-service","env":"dev","version":"v0.1.0","instance_id":"MacBook-Air-Soslan-2.local-fccd5f80"}
{"level":"INFO","ts":"2025-11-11T14:07:32.368+0300","msg":"grpc unary","err":"","service":"room-service","env":"dev","version":"v0.1.0","instance_id":"MacBook-Air-Soslan-2.local-fccd5f80","started_at":"2025-11-11T14:00:17.469+0300","method":"/room.v1.RoomService/GetChatHistory","dur_ms":7}
{"level":"INFO","ts":"2025-11-11T14:07:32.371+0300","msg":"grpc unary","method":"/room.v1.RoomService/ListParticipants","dur_ms":2,"err":"","service":"room-service","env":"dev","version":"v0.1.0","instance_id":"MacBook-Air-Soslan-2.local-fccd5f80","started_at":"2025-11-11T14:00:17.469+0300"}
{"level":"INFO","ts":"2025-11-11T14:07:32.373+0300","msg":"grpc unary","started_at":"2025-11-11T14:00:17.469+0300","method":"/room.v1.RoomService/ListParticipants","dur_ms":0,"err":"","service":"room-service","env":"dev","version":"v0.1.0","instance_id":"MacBook-Air-Soslan-2.local-fccd5f80"}
{"level":"INFO","ts":"2025-11-11T14:07:32.373+0300","msg":"grpc unary","instance_id":"MacBook-Air-Soslan-2.local-fccd5f80","started_at":"2025-11-11T14:00:17.469+0300","method":"/room.v1.RoomService/GetChatHistory","dur_ms":2,"err":"","service":"room-service","env":"dev","version":"v0.1.0"}
{"level":"INFO","ts":"2025-11-11T14:07:32.375+0300","msg":"grpc unary","version":"v0.1.0","instance_id":"MacBook-Air-Soslan-2.local-fccd5f80","started_at":"2025-11-11T14:00:17.469+0300","method":"/room.v1.RoomService/ListParticipants","dur_ms":0,"err":"","service":"room-service","env":"dev"}
